Using pre-set license
Built from '2022.3/staging' branch; Version is '2022.3.16f1 (d2c21f0ef2f1) revision 13812255'; Using compiler version '192829333'; Build Type 'Release'
OS: 'Windows 10  (10.0.19045) 64bit Professional' Language: 'en' Physical Memory: 6091 MB
BatchMode: 1, IsHumanControllingUs: 0, StartBugReporterOnCrash: 0, Is64bit: 1, IsPro: 1

COMMAND LINE ARGUMENTS:
D:\descarcari\2022.3.16f1\Editor\Unity.exe
-adb2
-batchMode
-noUpm
-name
AssetImportWorker0
-projectPath
D:/GameOfLife-/GameOfLife
-logFile
Logs/AssetImportWorker0.log
-srvPort
61165
Successfully changed project path to: D:/GameOfLife-/GameOfLife
D:/GameOfLife-/GameOfLife
[UnityMemory] Configuration Parameters - Can be set up in boot.config
    "memorysetup-bucket-allocator-granularity=16"
    "memorysetup-bucket-allocator-bucket-count=8"
    "memorysetup-bucket-allocator-block-size=33554432"
    "memorysetup-bucket-allocator-block-count=8"
    "memorysetup-main-allocator-block-size=16777216"
    "memorysetup-thread-allocator-block-size=16777216"
    "memorysetup-gfx-main-allocator-block-size=16777216"
    "memorysetup-gfx-thread-allocator-block-size=16777216"
    "memorysetup-cache-allocator-block-size=4194304"
    "memorysetup-typetree-allocator-block-size=2097152"
    "memorysetup-profiler-bucket-allocator-granularity=16"
    "memorysetup-profiler-bucket-allocator-bucket-count=8"
    "memorysetup-profiler-bucket-allocator-block-size=33554432"
    "memorysetup-profiler-bucket-allocator-block-count=8"
    "memorysetup-profiler-allocator-block-size=16777216"
    "memorysetup-profiler-editor-allocator-block-size=1048576"
    "memorysetup-temp-allocator-size-main=16777216"
    "memorysetup-job-temp-allocator-block-size=2097152"
    "memorysetup-job-temp-allocator-block-size-background=1048576"
    "memorysetup-job-temp-allocator-reduction-small-platforms=262144"
    "memorysetup-allocator-temp-initial-block-size-main=262144"
    "memorysetup-allocator-temp-initial-block-size-worker=262144"
    "memorysetup-temp-allocator-size-background-worker=32768"
    "memorysetup-temp-allocator-size-job-worker=262144"
    "memorysetup-temp-allocator-size-preload-manager=33554432"
    "memorysetup-temp-allocator-size-nav-mesh-worker=65536"
    "memorysetup-temp-allocator-size-audio-worker=65536"
    "memorysetup-temp-allocator-size-cloud-worker=32768"
    "memorysetup-temp-allocator-size-gi-baking-worker=262144"
    "memorysetup-temp-allocator-size-gfx=262144"
Player connection [10600] Host "[IP] 192.168.32.1 [Port] 0 [Flags] 2 [Guid] 2044972778 [EditorId] 2044972778 [Version] 1048832 [Id] WindowsEditor(7,DESKTOP-4PAC6PP) [Debug] 1 [PackageName] WindowsEditor [ProjectName] Editor" joined multi-casting on [225.0.0.222:54997]...

Player connection [10600] Host "[IP] 192.168.32.1 [Port] 0 [Flags] 2 [Guid] 2044972778 [EditorId] 2044972778 [Version] 1048832 [Id] WindowsEditor(7,DESKTOP-4PAC6PP) [Debug] 1 [PackageName] WindowsEditor [ProjectName] Editor" joined alternative multi-casting on [225.0.0.222:34997]...

[Physics::Module] Initialized MultithreadedJobDispatcher with 7 workers.
Refreshing native plugins compatible for Editor in 63.42 ms, found 4 plugins.
Preloading 0 native plugins for Editor in 0.00 ms.
Initialize engine version: 2022.3.16f1 (d2c21f0ef2f1)
[Subsystems] Discovering subsystems at path D:/descarcari/2022.3.16f1/Editor/Data/Resources/UnitySubsystems
[Subsystems] Discovering subsystems at path D:/GameOfLife-/GameOfLife/Assets
GfxDevice: creating device client; threaded=0; jobified=0
Direct3D:
    Version:  Direct3D 11.0 [level 11.1]
    Renderer: AMD Radeon(TM) Vega 8 Graphics (ID=0x15d8)
    Vendor:   ATI
    VRAM:     3045 MB
    Driver:   30.0.13044.10001
Initialize mono
Mono path[0] = 'D:/descarcari/2022.3.16f1/Editor/Data/Managed'
Mono path[1] = 'D:/descarcari/2022.3.16f1/Editor/Data/MonoBleedingEdge/lib/mono/unityjit-win32'
Mono config path = 'D:/descarcari/2022.3.16f1/Editor/Data/MonoBleedingEdge/etc'
Using monoOptions --debugger-agent=transport=dt_socket,embedding=1,server=y,suspend=n,address=127.0.0.1:56644
Begin MonoManager ReloadAssembly
Registering precompiled unity dll's ...
Register platform support module: D:/descarcari/2022.3.16f1/Editor/Data/PlaybackEngines/WebGLSupport/UnityEditor.WebGL.Extensions.dll
Register platform support module: D:/descarcari/2022.3.16f1/Editor/Data/PlaybackEngines/WindowsStandaloneSupport/UnityEditor.WindowsStandalone.Extensions.dll
Registered in 0.015308 seconds.
- Loaded All Assemblies, in  1.357 seconds
Native extension for WindowsStandalone target not found
Native extension for WebGL target not found
Mono: successfully reloaded assembly
- Finished resetting the current domain, in  0.890 seconds
Domain Reload Profiling: 2246ms
	BeginReloadAssembly (471ms)
		ExecutionOrderSort (0ms)
		DisableScriptedObjects (0ms)
		BackupInstance (0ms)
		ReleaseScriptingObjects (0ms)
		CreateAndSetChildDomain (2ms)
	RebuildCommonClasses (145ms)
	RebuildNativeTypeToScriptingClass (41ms)
	initialDomainReloadingComplete (220ms)
	LoadAllAssembliesAndSetupDomain (478ms)
		LoadAssemblies (474ms)
		RebuildTransferFunctionScriptingTraits (0ms)
		AnalyzeDomain (468ms)
			TypeCache.Refresh (463ms)
				TypeCache.ScanAssembly (417ms)
			ScanForSourceGeneratedMonoScriptInfo (2ms)
			ResolveRequiredComponents (2ms)
	FinalizeReload (891ms)
		ReleaseScriptCaches (0ms)
		RebuildScriptCaches (0ms)
		SetupLoadedEditorAssemblies (720ms)
			LogAssemblyErrors (0ms)
			InitializePlatformSupportModulesInManaged (23ms)
			SetLoadedEditorAssemblies (16ms)
			RefreshPlugins (0ms)
			BeforeProcessingInitializeOnLoad (8ms)
			ProcessInitializeOnLoadAttributes (516ms)
			ProcessInitializeOnLoadMethodAttributes (157ms)
			AfterProcessingInitializeOnLoad (0ms)
			EditorAssembliesLoaded (0ms)
		ExecutionOrderSort2 (0ms)
		AwakeInstancesAfterBackupRestoration (0ms)
========================================================================
Worker process is ready to serve import requests
Begin MonoManager ReloadAssembly
- Loaded All Assemblies, in  3.074 seconds
Refreshing native plugins compatible for Editor in 25.32 ms, found 4 plugins.
Native extension for WindowsStandalone target not found
Native extension for WebGL target not found
Package Manager log level set to [2]
[Package Manager] Server::EnsureServerProcessIsRunning -- launch failed, reason: Unity was launched with the -noUpm command-line argument
[Package Manager] UpmClient::Send -- Unable to send message (not connected to UPM process).
[Package Manager] Cannot connect to Unity Package Manager local server
Mono: successfully reloaded assembly
- Finished resetting the current domain, in  3.043 seconds
Domain Reload Profiling: 6120ms
	BeginReloadAssembly (571ms)
		ExecutionOrderSort (0ms)
		DisableScriptedObjects (20ms)
		BackupInstance (0ms)
		ReleaseScriptingObjects (1ms)
		CreateAndSetChildDomain (67ms)
	RebuildCommonClasses (108ms)
	RebuildNativeTypeToScriptingClass (28ms)
	initialDomainReloadingComplete (123ms)
	LoadAllAssembliesAndSetupDomain (2246ms)
		LoadAssemblies (1603ms)
		RebuildTransferFunctionScriptingTraits (0ms)
		AnalyzeDomain (994ms)
			TypeCache.Refresh (886ms)
				TypeCache.ScanAssembly (794ms)
			ScanForSourceGeneratedMonoScriptInfo (83ms)
			ResolveRequiredComponents (19ms)
	FinalizeReload (3045ms)
		ReleaseScriptCaches (0ms)
		RebuildScriptCaches (0ms)
		SetupLoadedEditorAssemblies (2316ms)
			LogAssemblyErrors (0ms)
			InitializePlatformSupportModulesInManaged (23ms)
			SetLoadedEditorAssemblies (13ms)
			RefreshPlugins (0ms)
			BeforeProcessingInitializeOnLoad (200ms)
			ProcessInitializeOnLoadAttributes (1890ms)
			ProcessInitializeOnLoadMethodAttributes (182ms)
			AfterProcessingInitializeOnLoad (8ms)
			EditorAssembliesLoaded (1ms)
		ExecutionOrderSort2 (0ms)
		AwakeInstancesAfterBackupRestoration (29ms)
Launched and connected shader compiler UnityShaderCompiler.exe after 0.21 seconds
Refreshing native plugins compatible for Editor in 19.99 ms, found 4 plugins.
Preloading 0 native plugins for Editor in 0.00 ms.
Unloading 4027 Unused Serialized files (Serialized files now loaded: 0)
Unloading 70 unused Assets / (244.3 KB). Loaded Objects now: 4482.
Memory consumption went from 144.8 MB to 144.6 MB.
Total: 14.429100 ms (FindLiveObjects: 1.162200 ms CreateObjectMapping: 1.266500 ms MarkObjects: 10.988300 ms  DeleteObjects: 1.008600 ms)

AssetImportParameters requested are different than current active one (requested -> active):
  custom:container-demuxer-ogg: 62fdf1f143b41e24485cea50d1cbac27 -> 
  custom:video-decoder-ogg-theora: a1e56fd34408186e4bbccfd4996cb3dc -> 
  custom:framework-win-MediaFoundation: 216162199b28c13a410421893ffa2e32 -> 
  custom:CustomObjectIndexerAttribute: 43b350a4d6e6d1791af0b5038c4bea17 -> 
  custom:container-demuxer-webm: 4f35f7cbe854078d1ac9338744f61a02 -> 
  custom:container-muxer-webm: aa71ff27fc2769a1b78a27578f13a17b -> 
  custom:video-decoder-webm-vp8: 9c59270c3fd7afecdb556c50c9e8de78 -> 
  custom:SearchIndexIgnoredProperties: e643bd26f0fe6173181afceb89e7c659 -> 
  custom:AudioImporter_EditorPlatform: d09bf68614088b80899f8185d706f6e7 -> 
  custom:video-encoder-webm-vp8: eb34c28f22e8b96e1ab97ce403110664 -> 
  custom:audio-decoder-ogg-vorbis: bf7c407c2cedff20999df2af8eb42d56 -> 
  custom:audio-encoder-webm-vorbis: bf7c407c2cedff20999df2af8eb42d56 -> 
========================================================================
Received Import Request.
  Time since last request: 78641.240727 seconds.
  path: Assets/board/board kid.png
  artifactKey: Guid(180af4ae93d199940bf52a8aa07ecd5a) Importer(815301076,1909f56bfc062723c751e8b465ee728b)
Start importing Assets/board/board kid.png using Guid(180af4ae93d199940bf52a8aa07ecd5a) Importer(815301076,1909f56bfc062723c751e8b465ee728b)  -> (artifact id: 'bfc1200e3277163f685f48d0d46f118f') in 0.223526 seconds
Number of updated asset objects reloaded before import = 0
Number of asset objects unloaded after import = 2
========================================================================
Received Import Request.
  Time since last request: 0.000102 seconds.
  path: Assets/healthbar
  artifactKey: Guid(72f8d63de7dd58d4b8f0896620958c20) Importer(815301076,1909f56bfc062723c751e8b465ee728b)
Start importing Assets/healthbar using Guid(72f8d63de7dd58d4b8f0896620958c20) Importer(815301076,1909f56bfc062723c751e8b465ee728b)  -> (artifact id: '6ed501a7958af02c4da65242692b11f7') in 0.001694 seconds
Number of updated asset objects reloaded before import = 0
Number of asset objects unloaded after import = 0
========================================================================
Received Import Request.
  Time since last request: 18.744372 seconds.
  path: Assets/helpers/ElAmigo.png
  artifactKey: Guid(64f34bc3d9391734babba585af363119) Importer(815301076,1909f56bfc062723c751e8b465ee728b)
Start importing Assets/helpers/ElAmigo.png using Guid(64f34bc3d9391734babba585af363119) Importer(815301076,1909f56bfc062723c751e8b465ee728b)  -> (artifact id: 'e0ddee312a5e621d33358311ed1c655d') in 0.074491 seconds
Number of updated asset objects reloaded before import = 0
Number of asset objects unloaded after import = 2
========================================================================
Received Import Request.
  Time since last request: 11.176566 seconds.
  path: Assets/helpers/frames
  artifactKey: Guid(ef970b62a6f997e469fe57afe76c7443) Importer(815301076,1909f56bfc062723c751e8b465ee728b)
Start importing Assets/helpers/frames using Guid(ef970b62a6f997e469fe57afe76c7443) Importer(815301076,1909f56bfc062723c751e8b465ee728b)  -> (artifact id: '4b4c66ee00a02a9ba64593afc6c5d78b') in 0.001902 seconds
Number of updated asset objects reloaded before import = 0
Number of asset objects unloaded after import = 0
========================================================================
Received Import Request.
  Time since last request: 1.044617 seconds.
  path: Assets/helpers/ElAmiga.png
  artifactKey: Guid(4f6313609b8a93a4e93336e0ab120924) Importer(815301076,1909f56bfc062723c751e8b465ee728b)
Start importing Assets/helpers/ElAmiga.png using Guid(4f6313609b8a93a4e93336e0ab120924) Importer(815301076,1909f56bfc062723c751e8b465ee728b)  -> (artifact id: 'b4239342c896e8ab3b4caddbf90aae4e') in 0.029632 seconds
Number of updated asset objects reloaded before import = 0
Number of asset objects unloaded after import = 2
========================================================================
Received Import Request.
  Time since last request: 20.941519 seconds.
  path: Assets/helpers/ElDoctor.png
  artifactKey: Guid(1dffacd45e0bea44e904b86bcb7af0e2) Importer(815301076,1909f56bfc062723c751e8b465ee728b)
Start importing Assets/helpers/ElDoctor.png using Guid(1dffacd45e0bea44e904b86bcb7af0e2) Importer(815301076,1909f56bfc062723c751e8b465ee728b)  -> (artifact id: 'fd76d0f7ecea99c959616654d259f93c') in 0.039888 seconds
Number of updated asset objects reloaded before import = 0
Number of asset objects unloaded after import = 2
========================================================================
Received Import Request.
  Time since last request: 29.693506 seconds.
  path: Assets/ending/bad ending
  artifactKey: Guid(a0ab468e906abed4b805e200d6242f96) Importer(815301076,1909f56bfc062723c751e8b465ee728b)
Start importing Assets/ending/bad ending using Guid(a0ab468e906abed4b805e200d6242f96) Importer(815301076,1909f56bfc062723c751e8b465ee728b)  -> (artifact id: 'f5c04a0bd5554e87cf204afa28a64136') in 0.001584 seconds
Number of updated asset objects reloaded before import = 0
Number of asset objects unloaded after import = 0
========================================================================
Received Import Request.
  Time since last request: 1.041902 seconds.
  path: Assets/board/board teenage.png
  artifactKey: Guid(c21e0bd9b85c75c439604984970bb1e6) Importer(815301076,1909f56bfc062723c751e8b465ee728b)
Start importing Assets/board/board teenage.png using Guid(c21e0bd9b85c75c439604984970bb1e6) Importer(815301076,1909f56bfc062723c751e8b465ee728b)  -> (artifact id: '58d235e2a2372294b194bc0a274c291d') in 0.042137 seconds
Number of updated asset objects reloaded before import = 0
Number of asset objects unloaded after import = 2
========================================================================
Received Import Request.
  Time since last request: 21.707795 seconds.
  path: Assets
  artifactKey: Guid(00000000000000001000000000000000) Importer(815301076,1909f56bfc062723c751e8b465ee728b)
Start importing Assets using Guid(00000000000000001000000000000000) Importer(815301076,1909f56bfc062723c751e8b465ee728b)  -> (artifact id: '8a4fe85251aa2e89732c359432baa2c3') in 0.001383 seconds
Number of updated asset objects reloaded before import = 0
Number of asset objects unloaded after import = 0
========================================================================
Received Import Request.
  Time since last request: 16.882639 seconds.
  path: Assets/money tree.png
  artifactKey: Guid(ec29a4cb4a9f0864897fc1b363308a9e) Importer(815301076,1909f56bfc062723c751e8b465ee728b)
Start importing Assets/money tree.png using Guid(ec29a4cb4a9f0864897fc1b363308a9e) Importer(815301076,1909f56bfc062723c751e8b465ee728b)  -> (artifact id: '75827983a04bd30f86fbb2c21383ef85') in 0.247888 seconds
Number of updated asset objects reloaded before import = 0
Number of asset objects unloaded after import = 3
========================================================================
Received Import Request.
  Time since last request: 10.715339 seconds.
  path: Assets/helpers/New Piskel (1).png
  artifactKey: Guid(45604fcd9626ee44db550afc33106806) Importer(815301076,1909f56bfc062723c751e8b465ee728b)
Start importing Assets/helpers/New Piskel (1).png using Guid(45604fcd9626ee44db550afc33106806) Importer(815301076,1909f56bfc062723c751e8b465ee728b)  -> (artifact id: 'cbe61a134cf93daa20acb44676c18676') in 0.028386 seconds
Number of updated asset objects reloaded before import = 0
Number of asset objects unloaded after import = 2
========================================================================
Received Import Request.
  Time since last request: 17.760064 seconds.
  path: Assets/avatar/boy
  artifactKey: Guid(ad647a18109301742ab26527ea7a0c0d) Importer(815301076,1909f56bfc062723c751e8b465ee728b)
Start importing Assets/avatar/boy using Guid(ad647a18109301742ab26527ea7a0c0d) Importer(815301076,1909f56bfc062723c751e8b465ee728b)  -> (artifact id: '4d4ab69a08ad8278493e00bfb96f63e3') in 0.001458 seconds
Number of updated asset objects reloaded before import = 0
Number of asset objects unloaded after import = 0
========================================================================
Received Import Request.
  Time since last request: 4.795103 seconds.
  path: Assets/avatar/boy/adult_basic.png.png
  artifactKey: Guid(b9b918a4985393b49912b1409b3a699a) Importer(815301076,1909f56bfc062723c751e8b465ee728b)
Start importing Assets/avatar/boy/adult_basic.png.png using Guid(b9b918a4985393b49912b1409b3a699a) Importer(815301076,1909f56bfc062723c751e8b465ee728b)  -> (artifact id: '4dbdb6a7fed7e0602f711c305028bf3d') in 0.026819 seconds
Number of updated asset objects reloaded before import = 0
Number of asset objects unloaded after import = 2
========================================================================
Received Import Request.
  Time since last request: 11.299017 seconds.
  path: Assets/avatar/boy/child_basic.png.png
  artifactKey: Guid(ccd406aeba82ae54181878079350e5a0) Importer(815301076,1909f56bfc062723c751e8b465ee728b)
Start importing Assets/avatar/boy/child_basic.png.png using Guid(ccd406aeba82ae54181878079350e5a0) Importer(815301076,1909f56bfc062723c751e8b465ee728b)  -> (artifact id: '33c154e4bd49e57140ae0a44526992ff') in 0.032547 seconds
Number of updated asset objects reloaded before import = 0
Number of asset objects unloaded after import = 2
========================================================================
Received Import Request.
  Time since last request: 41.688445 seconds.
  path: Assets/Scenes
  artifactKey: Guid(ac1358f112678664bb27f19bfb9b907e) Importer(815301076,1909f56bfc062723c751e8b465ee728b)
Start importing Assets/Scenes using Guid(ac1358f112678664bb27f19bfb9b907e) Importer(815301076,1909f56bfc062723c751e8b465ee728b)  -> (artifact id: '0e14e1a4f91b2bcec6beee3f13ebd505') in 0.001600 seconds
Number of updated asset objects reloaded before import = 0
Number of asset objects unloaded after import = 0
========================================================================
Received Import Request.
  Time since last request: 7.352507 seconds.
  path: Assets/avatar
  artifactKey: Guid(d12bc7c6bce02f944ab8e44c447fcca5) Importer(815301076,1909f56bfc062723c751e8b465ee728b)
Start importing Assets/avatar using Guid(d12bc7c6bce02f944ab8e44c447fcca5) Importer(815301076,1909f56bfc062723c751e8b465ee728b)  -> (artifact id: '349d530f7fe1561c2a739ed2f63533f2') in 0.001236 seconds
Number of updated asset objects reloaded before import = 0
Number of asset objects unloaded after import = 0
========================================================================
Received Import Request.
  Time since last request: 43.843403 seconds.
  path: Assets/board/board kid.png
  artifactKey: Guid(180af4ae93d199940bf52a8aa07ecd5a) Importer(815301076,1909f56bfc062723c751e8b465ee728b)
Start importing Assets/board/board kid.png using Guid(180af4ae93d199940bf52a8aa07ecd5a) Importer(815301076,1909f56bfc062723c751e8b465ee728b)  -> (artifact id: '598bdac71404ff885aa8319393e832bc') in 0.155150 seconds
Number of updated asset objects reloaded before import = 0
Number of asset objects unloaded after import = 3
========================================================================
Received Import Request.
  Time since last request: 25.998681 seconds.
  path: Assets/board/board old.png
  artifactKey: Guid(1e094012d89915449a9603da7d28e25b) Importer(815301076,1909f56bfc062723c751e8b465ee728b)
Start importing Assets/board/board old.png using Guid(1e094012d89915449a9603da7d28e25b) Importer(815301076,1909f56bfc062723c751e8b465ee728b)  -> (artifact id: '4c0b4aed43457a604824d6fb53c9d478') in 0.028996 seconds
Number of updated asset objects reloaded before import = 0
Number of asset objects unloaded after import = 2
========================================================================
Received Import Request.
  Time since last request: 25.068117 seconds.
  path: Assets/avatar/boy/adult_happy.png.png
  artifactKey: Guid(ffb42a51860953a4a87781a6cc543e3a) Importer(815301076,1909f56bfc062723c751e8b465ee728b)
Start importing Assets/avatar/boy/adult_happy.png.png using Guid(ffb42a51860953a4a87781a6cc543e3a) Importer(815301076,1909f56bfc062723c751e8b465ee728b)  -> (artifact id: 'a9adffb3edb9345f548b019af0181db3') in 0.024163 seconds
Number of updated asset objects reloaded before import = 0
Number of asset objects unloaded after import = 2
========================================================================
Received Import Request.
  Time since last request: 7.086098 seconds.
  path: Assets/avatar/boy/adult_sad.png.png
  artifactKey: Guid(70c27cddc849328409ed6c11677afe62) Importer(815301076,1909f56bfc062723c751e8b465ee728b)
Start importing Assets/avatar/boy/adult_sad.png.png using Guid(70c27cddc849328409ed6c11677afe62) Importer(815301076,1909f56bfc062723c751e8b465ee728b)  -> (artifact id: 'c607545efa13966c1ae9dd1d02b8f54f') in 0.034765 seconds
Number of updated asset objects reloaded before import = 0
Number of asset objects unloaded after import = 2
========================================================================
Received Import Request.
  Time since last request: 10.416357 seconds.
  path: Assets/avatar/boy/child_happy.png.png
  artifactKey: Guid(73c04666cd25da048ae174f2ca23ef31) Importer(815301076,1909f56bfc062723c751e8b465ee728b)
Start importing Assets/avatar/boy/child_happy.png.png using Guid(73c04666cd25da048ae174f2ca23ef31) Importer(815301076,1909f56bfc062723c751e8b465ee728b)  -> (artifact id: 'e5b3c0c386969f093ade32ed31316b60') in 0.024021 seconds
Number of updated asset objects reloaded before import = 0
Number of asset objects unloaded after import = 2
========================================================================
Received Import Request.
  Time since last request: 3.633591 seconds.
  path: Assets/avatar/boy/child_sad.png.png
  artifactKey: Guid(99850a18f56f1a54d9ae4ec729aac2dc) Importer(815301076,1909f56bfc062723c751e8b465ee728b)
Start importing Assets/avatar/boy/child_sad.png.png using Guid(99850a18f56f1a54d9ae4ec729aac2dc) Importer(815301076,1909f56bfc062723c751e8b465ee728b)  -> (artifact id: '66a0bdc6fed2399872978ab30eb31239') in 0.028610 seconds
Number of updated asset objects reloaded before import = 0
Number of asset objects unloaded after import = 2
========================================================================
Received Import Request.
  Time since last request: 3.888536 seconds.
  path: Assets/avatar/boy/old_basic.png.png
  artifactKey: Guid(653f6bbe48a39e54687937b0cf1baa6a) Importer(815301076,1909f56bfc062723c751e8b465ee728b)
Start importing Assets/avatar/boy/old_basic.png.png using Guid(653f6bbe48a39e54687937b0cf1baa6a) Importer(815301076,1909f56bfc062723c751e8b465ee728b)  -> (artifact id: '1d1b4eaf8de1ff0c8d7c2ff5dc3c4498') in 0.030380 seconds
Number of updated asset objects reloaded before import = 0
Number of asset objects unloaded after import = 2
========================================================================
Received Import Request.
  Time since last request: 5.762952 seconds.
  path: Assets/avatar/boy/old_happy.png.png
  artifactKey: Guid(f30b52016b1aaf846bbb168301453d01) Importer(815301076,1909f56bfc062723c751e8b465ee728b)
Start importing Assets/avatar/boy/old_happy.png.png using Guid(f30b52016b1aaf846bbb168301453d01) Importer(815301076,1909f56bfc062723c751e8b465ee728b)  -> (artifact id: '5bf9b8ff236b8e4ccd54a42c5eaac7a2') in 0.022484 seconds
Number of updated asset objects reloaded before import = 0
Number of asset objects unloaded after import = 2
========================================================================
Received Import Request.
  Time since last request: 5.377773 seconds.
  path: Assets/avatar/boy/old_sad.png.png
  artifactKey: Guid(1f9431adf369701469b2efb47488a632) Importer(815301076,1909f56bfc062723c751e8b465ee728b)
Start importing Assets/avatar/boy/old_sad.png.png using Guid(1f9431adf369701469b2efb47488a632) Importer(815301076,1909f56bfc062723c751e8b465ee728b)  -> (artifact id: '15e2e2f5f168906245067b1509150555') in 0.030226 seconds
Number of updated asset objects reloaded before import = 0
Number of asset objects unloaded after import = 2
========================================================================
Received Import Request.
  Time since last request: 5.295768 seconds.
  path: Assets/avatar/boy/young_basic.png.png
  artifactKey: Guid(b351753d3cfdb094ca0300cd91f375f7) Importer(815301076,1909f56bfc062723c751e8b465ee728b)
Start importing Assets/avatar/boy/young_basic.png.png using Guid(b351753d3cfdb094ca0300cd91f375f7) Importer(815301076,1909f56bfc062723c751e8b465ee728b)  -> (artifact id: 'b5b839ad2fd3c037907a05c82a19efd8') in 0.032023 seconds
Number of updated asset objects reloaded before import = 0
Number of asset objects unloaded after import = 2
========================================================================
Received Import Request.
  Time since last request: 4.267639 seconds.
  path: Assets/avatar/boy/young_happy.png.png
  artifactKey: Guid(04f3973234c165a41afb3f6c810b82a9) Importer(815301076,1909f56bfc062723c751e8b465ee728b)
Start importing Assets/avatar/boy/young_happy.png.png using Guid(04f3973234c165a41afb3f6c810b82a9) Importer(815301076,1909f56bfc062723c751e8b465ee728b)  -> (artifact id: '210fbccc1e917d8c2db0b7e8bcea14c1') in 0.041930 seconds
Number of updated asset objects reloaded before import = 0
Number of asset objects unloaded after import = 2
========================================================================
Received Import Request.
  Time since last request: 4.015732 seconds.
  path: Assets/avatar/boy/young_sad.png.png
  artifactKey: Guid(fbf2a1eb74b92034c80e6477123527ea) Importer(815301076,1909f56bfc062723c751e8b465ee728b)
Start importing Assets/avatar/boy/young_sad.png.png using Guid(fbf2a1eb74b92034c80e6477123527ea) Importer(815301076,1909f56bfc062723c751e8b465ee728b)  -> (artifact id: '3230c5e5f145d52fd31ff5a908aeeda2') in 0.027214 seconds
Number of updated asset objects reloaded before import = 0
Number of asset objects unloaded after import = 2
========================================================================
Received Import Request.
  Time since last request: 4.223913 seconds.
  path: Assets/avatar/choose_your_character
  artifactKey: Guid(cb0e762d8e90d334d8db64b50ae07d35) Importer(815301076,1909f56bfc062723c751e8b465ee728b)
Start importing Assets/avatar/choose_your_character using Guid(cb0e762d8e90d334d8db64b50ae07d35) Importer(815301076,1909f56bfc062723c751e8b465ee728b)  -> (artifact id: '404f4f468b2092e9eb832d73b072497a') in 0.002046 seconds
Number of updated asset objects reloaded before import = 0
Number of asset objects unloaded after import = 0
========================================================================
Received Import Request.
  Time since last request: 2.779580 seconds.
  path: Assets/avatar/choose_your_character/boy.png.png
  artifactKey: Guid(258f9d65f08554a43a6637a2c0dacd0f) Importer(815301076,1909f56bfc062723c751e8b465ee728b)
Start importing Assets/avatar/choose_your_character/boy.png.png using Guid(258f9d65f08554a43a6637a2c0dacd0f) Importer(815301076,1909f56bfc062723c751e8b465ee728b)  -> (artifact id: '854e4e6aa5974505f7ba2d249a1493ac') in 0.032756 seconds
Number of updated asset objects reloaded before import = 0
Number of asset objects unloaded after import = 2
========================================================================
Received Import Request.
  Time since last request: 4.591306 seconds.
  path: Assets/avatar/choose_your_character/frame.png.png
  artifactKey: Guid(05fba9e10ec475b489542e72c7746117) Importer(815301076,1909f56bfc062723c751e8b465ee728b)
Start importing Assets/avatar/choose_your_character/frame.png.png using Guid(05fba9e10ec475b489542e72c7746117) Importer(815301076,1909f56bfc062723c751e8b465ee728b)  -> (artifact id: '7a65d0b2937878fdc85206a695cd36bc') in 0.037275 seconds
Number of updated asset objects reloaded before import = 0
Number of asset objects unloaded after import = 2
========================================================================
Received Import Request.
  Time since last request: 3.535531 seconds.
  path: Assets/avatar/choose_your_character/girl.png.png
  artifactKey: Guid(e58b328c9cabf614d94a3b21fc095b7e) Importer(815301076,1909f56bfc062723c751e8b465ee728b)
Start importing Assets/avatar/choose_your_character/girl.png.png using Guid(e58b328c9cabf614d94a3b21fc095b7e) Importer(815301076,1909f56bfc062723c751e8b465ee728b)  -> (artifact id: 'f1b816c42f77a8b87d41eea8351f6f06') in 0.034586 seconds
Number of updated asset objects reloaded before import = 0
Number of asset objects unloaded after import = 2
========================================================================
Received Import Request.
  Time since last request: 3.632846 seconds.
  path: Assets/avatar/choose_your_character/Screenshot 2024-04-15 210008.png
  artifactKey: Guid(0753b5c61add88044b54712a7850e3e1) Importer(815301076,1909f56bfc062723c751e8b465ee728b)
Start importing Assets/avatar/choose_your_character/Screenshot 2024-04-15 210008.png using Guid(0753b5c61add88044b54712a7850e3e1) Importer(815301076,1909f56bfc062723c751e8b465ee728b)  -> (artifact id: '19030282c391ab7c049c4f079d5fce70') in 0.031993 seconds
Number of updated asset objects reloaded before import = 0
Number of asset objects unloaded after import = 2
========================================================================
Received Import Request.
  Time since last request: 6.294401 seconds.
  path: Assets/avatar/choose_your_character/writing.png.png
  artifactKey: Guid(8d99ab05ad204944ca0fd0cbba1bfcb2) Importer(815301076,1909f56bfc062723c751e8b465ee728b)
Start importing Assets/avatar/choose_your_character/writing.png.png using Guid(8d99ab05ad204944ca0fd0cbba1bfcb2) Importer(815301076,1909f56bfc062723c751e8b465ee728b)  -> (artifact id: 'd9873e0fa74adcd3cbaec58e4da7c5ed') in 0.028597 seconds
Number of updated asset objects reloaded before import = 0
Number of asset objects unloaded after import = 2
========================================================================
Received Import Request.
  Time since last request: 5.498222 seconds.
  path: Assets/avatar/girl
  artifactKey: Guid(986200dfd368e6f49abc5f7eea170757) Importer(815301076,1909f56bfc062723c751e8b465ee728b)
Start importing Assets/avatar/girl using Guid(986200dfd368e6f49abc5f7eea170757) Importer(815301076,1909f56bfc062723c751e8b465ee728b)  -> (artifact id: 'ea8de9ace0f9d583754c7f642734a3f1') in 0.001321 seconds
Number of updated asset objects reloaded before import = 0
Number of asset objects unloaded after import = 0
========================================================================
Received Import Request.
  Time since last request: 2.065985 seconds.
  path: Assets/avatar/girl/adult-basic.png.png
  artifactKey: Guid(b19a99659fa879d48a4ded479f2940c6) Importer(815301076,1909f56bfc062723c751e8b465ee728b)
Start importing Assets/avatar/girl/adult-basic.png.png using Guid(b19a99659fa879d48a4ded479f2940c6) Importer(815301076,1909f56bfc062723c751e8b465ee728b)  -> (artifact id: '6e516f1ac60d84e19515dd35fd3c8ed2') in 0.031942 seconds
Number of updated asset objects reloaded before import = 0
Number of asset objects unloaded after import = 2
========================================================================
Received Import Request.
  Time since last request: 5.551375 seconds.
  path: Assets/avatar/girl/adult-happy.png.png
  artifactKey: Guid(97c591576c1e7ae4f97bad54f5b1a81d) Importer(815301076,1909f56bfc062723c751e8b465ee728b)
Start importing Assets/avatar/girl/adult-happy.png.png using Guid(97c591576c1e7ae4f97bad54f5b1a81d) Importer(815301076,1909f56bfc062723c751e8b465ee728b)  -> (artifact id: 'bd8f8436f72a393ff2cd25de6c9ecbbb') in 0.030832 seconds
Number of updated asset objects reloaded before import = 0
Number of asset objects unloaded after import = 2
========================================================================
Received Import Request.
  Time since last request: 5.441427 seconds.
  path: Assets/avatar/girl/adult-happy.png.png
  artifactKey: Guid(97c591576c1e7ae4f97bad54f5b1a81d) Importer(815301076,1909f56bfc062723c751e8b465ee728b)
Start importing Assets/avatar/girl/adult-happy.png.png using Guid(97c591576c1e7ae4f97bad54f5b1a81d) Importer(815301076,1909f56bfc062723c751e8b465ee728b)  -> (artifact id: '38d33ad9c68768929fdfa5fda17d9887') in 0.039973 seconds
Number of updated asset objects reloaded before import = 0
Number of asset objects unloaded after import = 3
========================================================================
Received Import Request.
  Time since last request: 0.961796 seconds.
  path: Assets/avatar/girl/child-basic.png.png
  artifactKey: Guid(941dc5572eae5ca488f7a8f3d79d495d) Importer(815301076,1909f56bfc062723c751e8b465ee728b)
Start importing Assets/avatar/girl/child-basic.png.png using Guid(941dc5572eae5ca488f7a8f3d79d495d) Importer(815301076,1909f56bfc062723c751e8b465ee728b)  -> (artifact id: '140e6fad14908e7e54ae5c218c694577') in 0.027319 seconds
Number of updated asset objects reloaded before import = 0
Number of asset objects unloaded after import = 2
========================================================================
Received Import Request.
  Time since last request: 0.755908 seconds.
  path: Assets/avatar/girl/adult-sad.png.png
  artifactKey: Guid(11f25e1f22c2d9f4ab2899e1fb8f69cb) Importer(815301076,1909f56bfc062723c751e8b465ee728b)
Start importing Assets/avatar/girl/adult-sad.png.png using Guid(11f25e1f22c2d9f4ab2899e1fb8f69cb) Importer(815301076,1909f56bfc062723c751e8b465ee728b)  -> (artifact id: '30424259b11a6ded65ad900470e23c54') in 0.027058 seconds
Number of updated asset objects reloaded before import = 0
Number of asset objects unloaded after import = 2
========================================================================
Received Import Request.
  Time since last request: 7.465158 seconds.
  path: Assets/avatar/girl/adult-sad.png.png
  artifactKey: Guid(11f25e1f22c2d9f4ab2899e1fb8f69cb) Importer(815301076,1909f56bfc062723c751e8b465ee728b)
Start importing Assets/avatar/girl/adult-sad.png.png using Guid(11f25e1f22c2d9f4ab2899e1fb8f69cb) Importer(815301076,1909f56bfc062723c751e8b465ee728b)  -> (artifact id: '6e291de924a4fe5aaa548c971fa2b556') in 0.042159 seconds
Number of updated asset objects reloaded before import = 0
Number of asset objects unloaded after import = 3
========================================================================
Received Import Request.
  Time since last request: 8.907832 seconds.
  path: Assets/avatar/girl/child-happy.png.png
  artifactKey: Guid(ebd34bb346b692441b9115047e6933a0) Importer(815301076,1909f56bfc062723c751e8b465ee728b)
Start importing Assets/avatar/girl/child-happy.png.png using Guid(ebd34bb346b692441b9115047e6933a0) Importer(815301076,1909f56bfc062723c751e8b465ee728b)  -> (artifact id: 'e479bf5e54495a6b35c0cd0d2b10ac83') in 0.025051 seconds
Number of updated asset objects reloaded before import = 0
Number of asset objects unloaded after import = 2
========================================================================
Received Import Request.
  Time since last request: 7.754076 seconds.
  path: Assets/avatar/girl/child_sad.png.png
  artifactKey: Guid(c8d8c57ee171e7f49af26f1f569f48e6) Importer(815301076,1909f56bfc062723c751e8b465ee728b)
Start importing Assets/avatar/girl/child_sad.png.png using Guid(c8d8c57ee171e7f49af26f1f569f48e6) Importer(815301076,1909f56bfc062723c751e8b465ee728b)  -> (artifact id: '1d000aabb0535f6390eedbd72ad1dac2') in 0.025446 seconds
Number of updated asset objects reloaded before import = 0
Number of asset objects unloaded after import = 2
========================================================================
Received Import Request.
  Time since last request: 4.715384 seconds.
  path: Assets/avatar/girl/old-basic.png.png
  artifactKey: Guid(ecb7b3f3d40b13f438034fd210946615) Importer(815301076,1909f56bfc062723c751e8b465ee728b)
Start importing Assets/avatar/girl/old-basic.png.png using Guid(ecb7b3f3d40b13f438034fd210946615) Importer(815301076,1909f56bfc062723c751e8b465ee728b)  -> (artifact id: '4fb071597f50fbb88304f1d3e1f1ab37') in 0.026023 seconds
Number of updated asset objects reloaded before import = 0
Number of asset objects unloaded after import = 2
========================================================================
Received Import Request.
  Time since last request: 3.881390 seconds.
  path: Assets/avatar/girl/old_happy.png.png
  artifactKey: Guid(eb5cc5bca715e4b4191b53edd4a1078a) Importer(815301076,1909f56bfc062723c751e8b465ee728b)
Start importing Assets/avatar/girl/old_happy.png.png using Guid(eb5cc5bca715e4b4191b53edd4a1078a) Importer(815301076,1909f56bfc062723c751e8b465ee728b)  -> (artifact id: 'd99ad871c5ed34a5f3bdf5829ad73079') in 0.023551 seconds
Number of updated asset objects reloaded before import = 0
Number of asset objects unloaded after import = 2
========================================================================
Received Import Request.
  Time since last request: 5.084407 seconds.
  path: Assets/avatar/girl/old_sad.png.png
  artifactKey: Guid(b3517dd6fab65ce42be85f894587d83c) Importer(815301076,1909f56bfc062723c751e8b465ee728b)
Start importing Assets/avatar/girl/old_sad.png.png using Guid(b3517dd6fab65ce42be85f894587d83c) Importer(815301076,1909f56bfc062723c751e8b465ee728b)  -> (artifact id: 'd03666373eaa61b13e2bd83dd07c85ee') in 0.028464 seconds
Number of updated asset objects reloaded before import = 0
Number of asset objects unloaded after import = 2
========================================================================
Received Import Request.
  Time since last request: 4.416970 seconds.
  path: Assets/avatar/girl/young-basic.png.png
  artifactKey: Guid(031352889cdc21e4c8482ed0705e8c6f) Importer(815301076,1909f56bfc062723c751e8b465ee728b)
Start importing Assets/avatar/girl/young-basic.png.png using Guid(031352889cdc21e4c8482ed0705e8c6f) Importer(815301076,1909f56bfc062723c751e8b465ee728b)  -> (artifact id: '86983bdb9a1bc920ad4ddf863ba5ef11') in 0.027952 seconds
Number of updated asset objects reloaded before import = 0
Number of asset objects unloaded after import = 2
========================================================================
Received Import Request.
  Time since last request: 4.392682 seconds.
  path: Assets/avatar/girl/young-happy.png.png
  artifactKey: Guid(40e68ee4b9bf9d34bbe71b1d0e89b63b) Importer(815301076,1909f56bfc062723c751e8b465ee728b)
Start importing Assets/avatar/girl/young-happy.png.png using Guid(40e68ee4b9bf9d34bbe71b1d0e89b63b) Importer(815301076,1909f56bfc062723c751e8b465ee728b)  -> (artifact id: '4b23040bd1df3e6e62b6e38f012e7263') in 0.022631 seconds
Number of updated asset objects reloaded before import = 0
Number of asset objects unloaded after import = 2
========================================================================
Received Import Request.
  Time since last request: 3.461441 seconds.
  path: Assets/avatar/girl/young-sad.png.png
  artifactKey: Guid(2ca42fed499b4284d95064dc7ed43041) Importer(815301076,1909f56bfc062723c751e8b465ee728b)
Start importing Assets/avatar/girl/young-sad.png.png using Guid(2ca42fed499b4284d95064dc7ed43041) Importer(815301076,1909f56bfc062723c751e8b465ee728b)  -> (artifact id: 'fb1262c9152c174a94c78b32e025c23d') in 0.025413 seconds
Number of updated asset objects reloaded before import = 0
Number of asset objects unloaded after import = 2
========================================================================
Received Import Request.
  Time since last request: 5.407526 seconds.
  path: Assets/avatar/girl/young-sad.png.png
  artifactKey: Guid(2ca42fed499b4284d95064dc7ed43041) Importer(815301076,1909f56bfc062723c751e8b465ee728b)
Start importing Assets/avatar/girl/young-sad.png.png using Guid(2ca42fed499b4284d95064dc7ed43041) Importer(815301076,1909f56bfc062723c751e8b465ee728b)  -> (artifact id: '41df122dcde0aae5cd646760109f9e94') in 0.036388 seconds
Number of updated asset objects reloaded before import = 0
Number of asset objects unloaded after import = 3
========================================================================
Received Import Request.
  Time since last request: 24.422946 seconds.
  path: Assets/ending/bad ending/background.png
  artifactKey: Guid(3e652324c93140f4e890e83ad57b72c9) Importer(815301076,1909f56bfc062723c751e8b465ee728b)
Start importing Assets/ending/bad ending/background.png using Guid(3e652324c93140f4e890e83ad57b72c9) Importer(815301076,1909f56bfc062723c751e8b465ee728b)  -> (artifact id: '525441b895f53d5d3e576c08d66d3b45') in 0.032458 seconds
Number of updated asset objects reloaded before import = 0
Number of asset objects unloaded after import = 2
========================================================================
Received Import Request.
  Time since last request: 0.860014 seconds.
  path: Assets/ending/bad ending/background layout.png
  artifactKey: Guid(2a88c6e711e59cb43a59f9776637ba29) Importer(815301076,1909f56bfc062723c751e8b465ee728b)
Start importing Assets/ending/bad ending/background layout.png using Guid(2a88c6e711e59cb43a59f9776637ba29) Importer(815301076,1909f56bfc062723c751e8b465ee728b)  -> (artifact id: '2b2fcfc2a8e167245396f3d44da640f5') in 0.024619 seconds
Number of updated asset objects reloaded before import = 0
Number of asset objects unloaded after import = 2
========================================================================
Received Import Request.
  Time since last request: 6.441274 seconds.
  path: Assets/ending/bad ending/background layout with animated rain.gif
  artifactKey: Guid(cbbbf7e2b91217f46be5d7d17738e971) Importer(815301076,1909f56bfc062723c751e8b465ee728b)
Start importing Assets/ending/bad ending/background layout with animated rain.gif using Guid(cbbbf7e2b91217f46be5d7d17738e971) Importer(815301076,1909f56bfc062723c751e8b465ee728b)  -> (artifact id: '8feacc3995515d24336037e9a54adf5f') in 0.032503 seconds
Number of updated asset objects reloaded before import = 0
Number of asset objects unloaded after import = 2
========================================================================
Received Import Request.
  Time since last request: 10.075652 seconds.
  path: Assets/ending/bad ending/rain 2.png
  artifactKey: Guid(3cf66d364a6c0b64bb3cb657e3bad6d6) Importer(815301076,1909f56bfc062723c751e8b465ee728b)
Start importing Assets/ending/bad ending/rain 2.png using Guid(3cf66d364a6c0b64bb3cb657e3bad6d6) Importer(815301076,1909f56bfc062723c751e8b465ee728b)  -> (artifact id: '5558d56342bdb7371db7b3e52405f38e') in 0.036580 seconds
Number of updated asset objects reloaded before import = 0
Number of asset objects unloaded after import = 2
========================================================================
Received Import Request.
  Time since last request: 22.317291 seconds.
  path: Assets/enemies/ilnesses
  artifactKey: Guid(c8e8fdf996ece1d43b4700452afe5c43) Importer(815301076,1909f56bfc062723c751e8b465ee728b)
Start importing Assets/enemies/ilnesses using Guid(c8e8fdf996ece1d43b4700452afe5c43) Importer(815301076,1909f56bfc062723c751e8b465ee728b)  -> (artifact id: 'e548d5489afb069a32cd7115a6711e9b') in 0.001473 seconds
Number of updated asset objects reloaded before import = 0
Number of asset objects unloaded after import = 0
========================================================================
Received Import Request.
  Time since last request: 3.793210 seconds.
  path: Assets/enemies/ilnesses/virus.png
  artifactKey: Guid(9c38ef6ef2f24a34aa8de9e75bc70d63) Importer(815301076,1909f56bfc062723c751e8b465ee728b)
Start importing Assets/enemies/ilnesses/virus.png using Guid(9c38ef6ef2f24a34aa8de9e75bc70d63) Importer(815301076,1909f56bfc062723c751e8b465ee728b)  -> (artifact id: 'fe399fb47627209a1ef7996b8e3497bf') in 0.030862 seconds
Number of updated asset objects reloaded before import = 0
Number of asset objects unloaded after import = 2
========================================================================
Received Import Request.
  Time since last request: 292.356603 seconds.
  path: Assets/healthbar/health_bar1.png.png
  artifactKey: Guid(dc16ddade4d9ced48918f56e03b0c5db) Importer(815301076,1909f56bfc062723c751e8b465ee728b)
Start importing Assets/healthbar/health_bar1.png.png using Guid(dc16ddade4d9ced48918f56e03b0c5db) Importer(815301076,1909f56bfc062723c751e8b465ee728b)  -> (artifact id: 'd27a24f770319d3e133f23b8f3910550') in 0.042470 seconds
Number of updated asset objects reloaded before import = 0
Number of asset objects unloaded after import = 2
========================================================================
Received Import Request.
  Time since last request: 19.385981 seconds.
  path: Assets/healthbar/health_bar2.png.png
  artifactKey: Guid(8eaa8347643e88d4ab05d01f46759839) Importer(815301076,1909f56bfc062723c751e8b465ee728b)
Start importing Assets/healthbar/health_bar2.png.png using Guid(8eaa8347643e88d4ab05d01f46759839) Importer(815301076,1909f56bfc062723c751e8b465ee728b)  -> (artifact id: '22aa8b70d4e4f41ede5e4c2665e61a80') in 0.030794 seconds
Number of updated asset objects reloaded before import = 0
Number of asset objects unloaded after import = 2
========================================================================
Received Import Request.
  Time since last request: 7.059015 seconds.
  path: Assets/healthbar/health_bar3.png.png
  artifactKey: Guid(d92350a791626f842b7c358b3373041f) Importer(815301076,1909f56bfc062723c751e8b465ee728b)
Start importing Assets/healthbar/health_bar3.png.png using Guid(d92350a791626f842b7c358b3373041f) Importer(815301076,1909f56bfc062723c751e8b465ee728b)  -> (artifact id: 'ffc0fa02349a8d79b4032a2f71eac52c') in 0.049343 seconds
Number of updated asset objects reloaded before import = 0
Number of asset objects unloaded after import = 2
========================================================================
Received Import Request.
  Time since last request: 5.929134 seconds.
  path: Assets/healthbar/health_bar4.png.png
  artifactKey: Guid(9742312c9739a4f49851759cd9730d45) Importer(815301076,1909f56bfc062723c751e8b465ee728b)
Start importing Assets/healthbar/health_bar4.png.png using Guid(9742312c9739a4f49851759cd9730d45) Importer(815301076,1909f56bfc062723c751e8b465ee728b)  -> (artifact id: '680b2aacde4931728d89e9d889e0cafe') in 0.034105 seconds
Number of updated asset objects reloaded before import = 0
Number of asset objects unloaded after import = 2
========================================================================
Received Import Request.
  Time since last request: 5.726426 seconds.
  path: Assets/healthbar/health_bar5.png.png
  artifactKey: Guid(33f40eae297685b4880acb875a0c7d6d) Importer(815301076,1909f56bfc062723c751e8b465ee728b)
Start importing Assets/healthbar/health_bar5.png.png using Guid(33f40eae297685b4880acb875a0c7d6d) Importer(815301076,1909f56bfc062723c751e8b465ee728b)  -> (artifact id: 'bda9ddd1e3fcc909e29e9faa29ef9472') in 0.122305 seconds
Number of updated asset objects reloaded before import = 0
Number of asset objects unloaded after import = 2
========================================================================
Received Import Request.
  Time since last request: 6.419659 seconds.
  path: Assets/healthbar/health_bar6.png.png
  artifactKey: Guid(04b58009f5cacdd49b989a61d5d7075f) Importer(815301076,1909f56bfc062723c751e8b465ee728b)
Start importing Assets/healthbar/health_bar6.png.png using Guid(04b58009f5cacdd49b989a61d5d7075f) Importer(815301076,1909f56bfc062723c751e8b465ee728b)  -> (artifact id: 'baa474a66230f733723cff8fb69454e6') in 0.026671 seconds
Number of updated asset objects reloaded before import = 0
Number of asset objects unloaded after import = 2
========================================================================
Received Import Request.
  Time since last request: 5.560413 seconds.
  path: Assets/healthbar/health_bar7.png.png
  artifactKey: Guid(c84106f357d8d594e9667e4a23866282) Importer(815301076,1909f56bfc062723c751e8b465ee728b)
Start importing Assets/healthbar/health_bar7.png.png using Guid(c84106f357d8d594e9667e4a23866282) Importer(815301076,1909f56bfc062723c751e8b465ee728b)  -> (artifact id: '320283f72554b24e444c86221172d172') in 0.038346 seconds
Number of updated asset objects reloaded before import = 0
Number of asset objects unloaded after import = 2
========================================================================
Received Import Request.
  Time since last request: 5.370585 seconds.
  path: Assets/healthbar/health_bar8.png.png
  artifactKey: Guid(6ca50aef32bad794c8385d5521fbc4f0) Importer(815301076,1909f56bfc062723c751e8b465ee728b)
Start importing Assets/healthbar/health_bar8.png.png using Guid(6ca50aef32bad794c8385d5521fbc4f0) Importer(815301076,1909f56bfc062723c751e8b465ee728b)  -> (artifact id: 'a77fdd8cff860dd8f3e53abe889840e4') in 0.034350 seconds
Number of updated asset objects reloaded before import = 0
Number of asset objects unloaded after import = 2
========================================================================
Received Import Request.
  Time since last request: 7.569155 seconds.
  path: Assets/healthbar/health_bar9.png.png
  artifactKey: Guid(18b94ebf93e3e434e8f92cd270725b28) Importer(815301076,1909f56bfc062723c751e8b465ee728b)
Start importing Assets/healthbar/health_bar9.png.png using Guid(18b94ebf93e3e434e8f92cd270725b28) Importer(815301076,1909f56bfc062723c751e8b465ee728b)  -> (artifact id: '9246c2a4c468b04f0b904fda94ce7291') in 0.036874 seconds
Number of updated asset objects reloaded before import = 0
Number of asset objects unloaded after import = 2
========================================================================
Received Import Request.
  Time since last request: 5.992054 seconds.
  path: Assets/healthbar/health_bar10.png.png
  artifactKey: Guid(9c2b4ab3601aa694c9a53b7f5e733f1d) Importer(815301076,1909f56bfc062723c751e8b465ee728b)
Start importing Assets/healthbar/health_bar10.png.png using Guid(9c2b4ab3601aa694c9a53b7f5e733f1d) Importer(815301076,1909f56bfc062723c751e8b465ee728b)  -> (artifact id: '70412a531eefadbe3971c02cac24672b') in 0.041157 seconds
Number of updated asset objects reloaded before import = 0
Number of asset objects unloaded after import = 2
========================================================================
Received Import Request.
  Time since last request: 9.424811 seconds.
  path: Assets/healthbar/health_bar11.png.png
  artifactKey: Guid(14a41ca77eac41c4e8cffac7c9778295) Importer(815301076,1909f56bfc062723c751e8b465ee728b)
Start importing Assets/healthbar/health_bar11.png.png using Guid(14a41ca77eac41c4e8cffac7c9778295) Importer(815301076,1909f56bfc062723c751e8b465ee728b)  -> (artifact id: '0e6685ce21e96ecb92628933eff6ee4a') in 0.029841 seconds
Number of updated asset objects reloaded before import = 0
Number of asset objects unloaded after import = 2
========================================================================
Received Import Request.
  Time since last request: 32.885465 seconds.
  path: Assets/helpers/Bust/AmigoBust.png
  artifactKey: Guid(43debbd013d5b414190baddcdc06282a) Importer(815301076,1909f56bfc062723c751e8b465ee728b)
Start importing Assets/helpers/Bust/AmigoBust.png using Guid(43debbd013d5b414190baddcdc06282a) Importer(815301076,1909f56bfc062723c751e8b465ee728b)  -> (artifact id: '361d18ba96328983831a20d3c7d3aaca') in 0.038252 seconds
Number of updated asset objects reloaded before import = 0
Number of asset objects unloaded after import = 2
========================================================================
Received Import Request.
  Time since last request: 5.802078 seconds.
  path: Assets/helpers/Bust/ElAmigaBust.png
  artifactKey: Guid(f880876dee4acb340bfa724da3849a91) Importer(815301076,1909f56bfc062723c751e8b465ee728b)
Start importing Assets/helpers/Bust/ElAmigaBust.png using Guid(f880876dee4acb340bfa724da3849a91) Importer(815301076,1909f56bfc062723c751e8b465ee728b)  -> (artifact id: '5e78956001eceed4a263c834fdda9cd1') in 0.034322 seconds
Number of updated asset objects reloaded before import = 0
Number of asset objects unloaded after import = 2
========================================================================
Received Import Request.
  Time since last request: 8.172990 seconds.
  path: Assets/helpers/Bust/ElDoctorBust.png
  artifactKey: Guid(81a95b61474e01749adb5a1bf663319b) Importer(815301076,1909f56bfc062723c751e8b465ee728b)
Start importing Assets/helpers/Bust/ElDoctorBust.png using Guid(81a95b61474e01749adb5a1bf663319b) Importer(815301076,1909f56bfc062723c751e8b465ee728b)  -> (artifact id: '196d18d6314814d8400292662fd710ed') in 0.040098 seconds
Number of updated asset objects reloaded before import = 0
Number of asset objects unloaded after import = 2
========================================================================
Received Import Request.
  Time since last request: 5.217466 seconds.
  path: Assets/helpers/Bust/ElIngerBust.png
  artifactKey: Guid(8fda212c6660c8742ba57bab022b6b2c) Importer(815301076,1909f56bfc062723c751e8b465ee728b)
Start importing Assets/helpers/Bust/ElIngerBust.png using Guid(8fda212c6660c8742ba57bab022b6b2c) Importer(815301076,1909f56bfc062723c751e8b465ee728b)  -> (artifact id: 'c00e8cd3ec6b32f0a92d2f653ec60c2e') in 0.035405 seconds
Number of updated asset objects reloaded before import = 0
Number of asset objects unloaded after import = 2
========================================================================
Received Import Request.
  Time since last request: 5.390854 seconds.
  path: Assets/helpers/Bust/ElPsihologBust.png
  artifactKey: Guid(0807626b224095f47899d080585330e4) Importer(815301076,1909f56bfc062723c751e8b465ee728b)
Start importing Assets/helpers/Bust/ElPsihologBust.png using Guid(0807626b224095f47899d080585330e4) Importer(815301076,1909f56bfc062723c751e8b465ee728b)  -> (artifact id: 'd199f260243a439ba15cf6829f0d1f69') in 0.033472 seconds
Number of updated asset objects reloaded before import = 0
Number of asset objects unloaded after import = 2
========================================================================
Received Import Request.
  Time since last request: 24.232074 seconds.
  path: Assets/helpers/ElPsiholog.png
  artifactKey: Guid(e211bcfa14f47484e9184631396fd2e0) Importer(815301076,1909f56bfc062723c751e8b465ee728b)
Start importing Assets/helpers/ElPsiholog.png using Guid(e211bcfa14f47484e9184631396fd2e0) Importer(815301076,1909f56bfc062723c751e8b465ee728b)  -> (artifact id: '36fa05860edd087b74d8584c938a00d0') in 0.041617 seconds
Number of updated asset objects reloaded before import = 0
Number of asset objects unloaded after import = 2
========================================================================
Received Import Request.
  Time since last request: 0.542206 seconds.
  path: Assets/helpers/ElInger.png
  artifactKey: Guid(f5fe3f64a4564fd4f91e429e1de82064) Importer(815301076,1909f56bfc062723c751e8b465ee728b)
Start importing Assets/helpers/ElInger.png using Guid(f5fe3f64a4564fd4f91e429e1de82064) Importer(815301076,1909f56bfc062723c751e8b465ee728b)  -> (artifact id: 'd73eac17a69c4472fcee9dbce3626baf') in 0.042245 seconds
Number of updated asset objects reloaded before import = 0
Number of asset objects unloaded after import = 2
========================================================================
Received Import Request.
  Time since last request: 30.553766 seconds.
  path: Assets/helpers/money tree.png
  artifactKey: Guid(ac7b0097f21066445b55698697a0e881) Importer(815301076,1909f56bfc062723c751e8b465ee728b)
Start importing Assets/helpers/money tree.png using Guid(ac7b0097f21066445b55698697a0e881) Importer(815301076,1909f56bfc062723c751e8b465ee728b)  -> (artifact id: 'b67c58a75dca9f7c81715f4d92a26da6') in 0.028164 seconds
Number of updated asset objects reloaded before import = 0
Number of asset objects unloaded after import = 2
========================================================================
Received Import Request.
  Time since last request: 19.268305 seconds.
  path: Assets/helpers/frames/ChildFrame.png
  artifactKey: Guid(aa31a0c6dc8f3284ca816c1c38fddaec) Importer(815301076,1909f56bfc062723c751e8b465ee728b)
Start importing Assets/helpers/frames/ChildFrame.png using Guid(aa31a0c6dc8f3284ca816c1c38fddaec) Importer(815301076,1909f56bfc062723c751e8b465ee728b)  -> (artifact id: 'a2617da23cf898c9e7a89006124e3e22') in 0.026339 seconds
Number of updated asset objects reloaded before import = 0
Number of asset objects unloaded after import = 2
========================================================================
Received Import Request.
  Time since last request: 9.364880 seconds.
  path: Assets/helpers/frames/FrameOld.png
  artifactKey: Guid(5dc955f6c2faa5844997553d62ceeb2d) Importer(815301076,1909f56bfc062723c751e8b465ee728b)
Start importing Assets/helpers/frames/FrameOld.png using Guid(5dc955f6c2faa5844997553d62ceeb2d) Importer(815301076,1909f56bfc062723c751e8b465ee728b)  -> (artifact id: 'e8f4962687a678612b0c9e95c05971e9') in 0.030012 seconds
Number of updated asset objects reloaded before import = 0
Number of asset objects unloaded after import = 2
========================================================================
Received Import Request.
  Time since last request: 4.766081 seconds.
  path: Assets/helpers/frames/FrameTeen.png
  artifactKey: Guid(4596a12d0392e2e43a467c7fa54f40ab) Importer(815301076,1909f56bfc062723c751e8b465ee728b)
Start importing Assets/helpers/frames/FrameTeen.png using Guid(4596a12d0392e2e43a467c7fa54f40ab) Importer(815301076,1909f56bfc062723c751e8b465ee728b)  -> (artifact id: '88f349fab595f9256e332bbe4c73da47') in 0.061159 seconds
Number of updated asset objects reloaded before import = 0
Number of asset objects unloaded after import = 2
========================================================================
Received Import Request.
  Time since last request: 9.427824 seconds.
  path: Assets/main menu
  artifactKey: Guid(16dd9054748badf479f2f44786fee001) Importer(815301076,1909f56bfc062723c751e8b465ee728b)
Start importing Assets/main menu using Guid(16dd9054748badf479f2f44786fee001) Importer(815301076,1909f56bfc062723c751e8b465ee728b)  -> (artifact id: '8534234777bc12f2cd153d65dc3761ce') in 0.002740 seconds
Number of updated asset objects reloaded before import = 0
Number of asset objects unloaded after import = 0
========================================================================
Received Import Request.
  Time since last request: 12.951487 seconds.
  path: Assets/main menu/background/sky.png
  artifactKey: Guid(f840b172ebdfd2e43bbca7fee32c21f4) Importer(815301076,1909f56bfc062723c751e8b465ee728b)
Start importing Assets/main menu/background/sky.png using Guid(f840b172ebdfd2e43bbca7fee32c21f4) Importer(815301076,1909f56bfc062723c751e8b465ee728b)  -> (artifact id: '49188590bd92c91e07052c9ab5775a1e') in 0.028856 seconds
Number of updated asset objects reloaded before import = 0
Number of asset objects unloaded after import = 2
========================================================================
Received Import Request.
  Time since last request: 10.183232 seconds.
  path: Assets/main menu/background/logo.png
  artifactKey: Guid(76932a67274702a4a893979a06b002c4) Importer(815301076,1909f56bfc062723c751e8b465ee728b)
Start importing Assets/main menu/background/logo.png using Guid(76932a67274702a4a893979a06b002c4) Importer(815301076,1909f56bfc062723c751e8b465ee728b)  -> (artifact id: '4498e3e39bfacd94bfde8895066e158b') in 0.035168 seconds
Number of updated asset objects reloaded before import = 0
Number of asset objects unloaded after import = 2
========================================================================
Received Import Request.
  Time since last request: 16.160476 seconds.
  path: Assets/main menu/background/play.png
  artifactKey: Guid(e1f8fe1b718a3f8499dfca4859202d43) Importer(815301076,1909f56bfc062723c751e8b465ee728b)
Start importing Assets/main menu/background/play.png using Guid(e1f8fe1b718a3f8499dfca4859202d43) Importer(815301076,1909f56bfc062723c751e8b465ee728b)  -> (artifact id: '1f76c0ab0a64ba1dbe7c46d69eef63de') in 0.032437 seconds
Number of updated asset objects reloaded before import = 0
Number of asset objects unloaded after import = 2
========================================================================
Received Import Request.
  Time since last request: 6.377114 seconds.
  path: Assets/main menu/background/rules.png
  artifactKey: Guid(c1cec4b4d8fd8474ca5071c356ffe6f5) Importer(815301076,1909f56bfc062723c751e8b465ee728b)
Start importing Assets/main menu/background/rules.png using Guid(c1cec4b4d8fd8474ca5071c356ffe6f5) Importer(815301076,1909f56bfc062723c751e8b465ee728b)  -> (artifact id: 'b40e15fa2f65dd99bc708c29124d24d7') in 0.035179 seconds
Number of updated asset objects reloaded before import = 0
Number of asset objects unloaded after import = 2
========================================================================
Received Import Request.
  Time since last request: 9.717867 seconds.
  path: Assets/main menu/background/sound.png
  artifactKey: Guid(be1dbf63599e4084fb712b8be3d9a93b) Importer(815301076,1909f56bfc062723c751e8b465ee728b)
Start importing Assets/main menu/background/sound.png using Guid(be1dbf63599e4084fb712b8be3d9a93b) Importer(815301076,1909f56bfc062723c751e8b465ee728b)  -> (artifact id: '5a61de34e086f4666b44fe85de101cd0') in 0.030026 seconds
Number of updated asset objects reloaded before import = 0
Number of asset objects unloaded after import = 2
========================================================================
Received Import Request.
  Time since last request: 7.313515 seconds.
  path: Assets/main menu/background/main menu layout.png
  artifactKey: Guid(b36c561e16a02a4489772f3c0fcc3c10) Importer(815301076,1909f56bfc062723c751e8b465ee728b)
Start importing Assets/main menu/background/main menu layout.png using Guid(b36c561e16a02a4489772f3c0fcc3c10) Importer(815301076,1909f56bfc062723c751e8b465ee728b)  -> (artifact id: '787a3e2920eb9b96be53cbb287d4d95e') in 0.026827 seconds
Number of updated asset objects reloaded before import = 0
Number of asset objects unloaded after import = 2
========================================================================
Received Import Request.
  Time since last request: 4.833324 seconds.
  path: Assets/main menu/background/unabled sound.png
  artifactKey: Guid(8aa0c36eb4a5fe840863bbff3b937135) Importer(815301076,1909f56bfc062723c751e8b465ee728b)
Start importing Assets/main menu/background/unabled sound.png using Guid(8aa0c36eb4a5fe840863bbff3b937135) Importer(815301076,1909f56bfc062723c751e8b465ee728b)  -> (artifact id: '3b62d24e794b56d130bfd61620a31fae') in 0.034846 seconds
Number of updated asset objects reloaded before import = 0
Number of asset objects unloaded after import = 2
========================================================================
Received Import Request.
  Time since last request: 8.782346 seconds.
  path: Assets/main menu/background/cloud 2.png
  artifactKey: Guid(7a0a39e469bf6f34ab81aa4661973750) Importer(815301076,1909f56bfc062723c751e8b465ee728b)
Start importing Assets/main menu/background/cloud 2.png using Guid(7a0a39e469bf6f34ab81aa4661973750) Importer(815301076,1909f56bfc062723c751e8b465ee728b)  -> (artifact id: 'd3cab313c4b0e6718d309fa0c398ef4b') in 0.032368 seconds
Number of updated asset objects reloaded before import = 0
Number of asset objects unloaded after import = 2
========================================================================
Received Import Request.
  Time since last request: 54.160702 seconds.
  path: Assets/main menu/background/play.png
  artifactKey: Guid(e1f8fe1b718a3f8499dfca4859202d43) Importer(815301076,1909f56bfc062723c751e8b465ee728b)
Start importing Assets/main menu/background/play.png using Guid(e1f8fe1b718a3f8499dfca4859202d43) Importer(815301076,1909f56bfc062723c751e8b465ee728b)  -> (artifact id: 'ad9abdc944a9e77e73b5091bfa6e0142') in 0.056137 seconds
Number of updated asset objects reloaded before import = 0
Number of asset objects unloaded after import = 3
========================================================================
Received Import Request.
  Time since last request: 7.778282 seconds.
  path: Assets/main menu/background/sky.png
  artifactKey: Guid(f840b172ebdfd2e43bbca7fee32c21f4) Importer(815301076,1909f56bfc062723c751e8b465ee728b)
Start importing Assets/main menu/background/sky.png using Guid(f840b172ebdfd2e43bbca7fee32c21f4) Importer(815301076,1909f56bfc062723c751e8b465ee728b)  -> (artifact id: '0563a77ff116cad5e9acc0c4d6849c18') in 0.051851 seconds
Number of updated asset objects reloaded before import = 0
Number of asset objects unloaded after import = 3
